<?xml version="1.0" encoding="UTF-8"?>
<!-- Generated by org.testng.reporters.JUnitReportReporter -->
<testsuite hostname="Gaius" name="predictive.testPredictivePrototype" tests="1" failures="0" timestamp="27 Feb 2014 23:57:08 GMT" time="1.772" errors="0">
  <testcase name="testWordToSignature" time="1.772" classname="predictive.testPredictivePrototype"/>
</testsuite> <!-- predictive.testPredictivePrototype -->
