<?xml version="1.0" encoding="UTF-8"?>
<!-- Generated by org.testng.reporters.JUnitReportReporter -->
<testsuite hostname="Gaius" name="predictive.testPredictivePrototype" tests="1" failures="0" timestamp="28 Feb 2014 00:49:56 GMT" time="1.820" errors="0">
  <testcase name="testWordToSignature" time="1.820" classname="predictive.testPredictivePrototype"/>
</testsuite> <!-- predictive.testPredictivePrototype -->
