<?xml version="1.0" encoding="UTF-8"?>
<!-- Generated by org.testng.reporters.JUnitReportReporter -->
<testsuite hostname="Gaius" name="predictive.TestPredictivePrototype" tests="2" failures="0" timestamp="25 Mar 2014 22:01:58 GMT" time="14.077" errors="0">
  <testcase name="testWordToSignature" time="0.000" classname="predictive.TestPredictivePrototype"/>
  <testcase name="testSignatureToWord" time="14.077" classname="predictive.TestPredictivePrototype"/>
</testsuite> <!-- predictive.TestPredictivePrototype -->
