<?xml version="1.0" encoding="UTF-8"?>
<!-- Generated by org.testng.reporters.JUnitReportReporter -->
<testsuite hostname="Gaius" name="predictive.TestDictionaryListImpl" tests="2" failures="0" timestamp="25 Mar 2014 21:56:17 GMT" time="2.782" errors="0">
  <testcase name="testWordToSignature" time="0.001" classname="predictive.TestDictionaryListImpl"/>
  <testcase name="testSignatureToWord" time="2.781" classname="predictive.TestDictionaryListImpl"/>
</testsuite> <!-- predictive.TestDictionaryListImpl -->
