<?xml version="1.0" encoding="UTF-8"?>
<!-- Generated by org.testng.reporters.JUnitReportReporter -->
<testsuite hostname="Gaius" name="predictive.testPredictivePrototype" tests="2" failures="0" timestamp="28 Feb 2014 22:46:27 GMT" time="0.273" errors="0">
  <testcase name="testSignatureToWords" time="0.270" classname="predictive.testPredictivePrototype"/>
  <testcase name="testWordToSignature" time="0.003" classname="predictive.testPredictivePrototype"/>
</testsuite> <!-- predictive.testPredictivePrototype -->
