<?xml version="1.0" encoding="UTF-8"?>
<!-- Generated by org.testng.reporters.JUnitReportReporter -->
<testsuite hostname="Gaius" name="bstexercise.testing" tests="16" failures="0" timestamp="27 Feb 2014 21:22:25 GMT" time="0.027" errors="0">
  <testcase name="findTest" time="0.000" classname="bstexercise.testing"/>
  <testcase name="delete2Test" time="0.001" classname="bstexercise.testing"/>
  <testcase name="biggerTest" time="0.005" classname="bstexercise.testing"/>
  <testcase name="saveInOrderTest" time="0.000" classname="bstexercise.testing"/>
  <testcase name="smallestTest" time="0.002" classname="bstexercise.testing"/>
  <testcase name="largestTest" time="0.001" classname="bstexercise.testing"/>
  <testcase name="deleteTest" time="0.001" classname="bstexercise.testing"/>
  <testcase name="toStringTest" time="0.000" classname="bstexercise.testing"/>
  <testcase name="heightTest" time="0.002" classname="bstexercise.testing"/>
  <testcase name="deleteLargestTest" time="0.000" classname="bstexercise.testing"/>
  <testcase name="deleteSmallestTest" time="0.001" classname="bstexercise.testing"/>
  <testcase name="sizeTest" time="0.001" classname="bstexercise.testing"/>
  <testcase name="smallerTest" time="0.001" classname="bstexercise.testing"/>
  <testcase name="insertTest" time="0.007" classname="bstexercise.testing"/>
  <testcase name="hasTest" time="0.000" classname="bstexercise.testing"/>
  <testcase name="isEmptyTest" time="0.005" classname="bstexercise.testing"/>
</testsuite> <!-- bstexercise.testing -->
