<?xml version="1.0" encoding="UTF-8"?>
<!-- Generated by org.testng.reporters.JUnitReportReporter -->
<testsuite hostname="Gaius" name="predictive.testPredictivePrototype" tests="2" failures="0" timestamp="2 Mar 2014 12:45:05 GMT" time="14.850" errors="0">
  <testcase name="testWordToSignature" time="1.514" classname="predictive.testPredictivePrototype"/>
  <testcase name="testSignatureToWord" time="13.336" classname="predictive.testPredictivePrototype"/>
</testsuite> <!-- predictive.testPredictivePrototype -->
