<?xml version="1.0" encoding="UTF-8"?>
<!-- Generated by org.testng.reporters.JUnitReportReporter -->
<testsuite hostname="Gaius" name="predictive.TestDictionaryMapImpl" tests="2" failures="0" timestamp="26 Mar 2014 00:48:08 GMT" time="0.335" errors="0">
  <testcase name="testSignatureToWord" time="0.334" classname="predictive.TestDictionaryMapImpl"/>
  <testcase name="testWordToSignature" time="0.001" classname="predictive.TestDictionaryMapImpl"/>
</testsuite> <!-- predictive.TestDictionaryMapImpl -->
