<?xml version="1.0" encoding="UTF-8"?>
<!-- Generated by org.testng.reporters.JUnitReportReporter -->
<testsuite hostname="Gaius" name="predictive.testPredictivePrototype" tests="2" failures="0" timestamp="1 Mar 2014 18:14:02 GMT" time="13.667" errors="0">
  <testcase name="testWordToSignature" time="0.002" classname="predictive.testPredictivePrototype"/>
  <testcase name="testSignatureToWord" time="13.665" classname="predictive.testPredictivePrototype"/>
</testsuite> <!-- predictive.testPredictivePrototype -->
