<?xml version="1.0" encoding="UTF-8"?>
<!-- Generated by org.testng.reporters.JUnitReportReporter -->
<testsuite hostname="Gaius" name="predictive.TestDictionaryTreeImpl" tests="2" failures="0" timestamp="25 Mar 2014 22:00:49 GMT" time="0.956" errors="0">
  <testcase name="testWordToSignature" time="0.000" classname="predictive.TestDictionaryTreeImpl"/>
  <testcase name="testSignatureToWord" time="0.956" classname="predictive.TestDictionaryTreeImpl"/>
</testsuite> <!-- predictive.TestDictionaryTreeImpl -->
